<?xml version="1.0" encoding="UTF-8"?>
<!-- Generated by org.testng.reporters.JUnitReportReporter -->
<testsuite hostname="DESKTOP-B2KTJK1" failures="0" tests="2" name="Test.basics_Class1" time="0.022" errors="0" timestamp="2020-06-01T15:30:19 IST" skipped="0">
  <testcase classname="Test.basics_Class1" name="demo2" time="0.010"/>
  <system-out/>
  <testcase classname="Test.basics_Class1" name="demo" time="0.012"/>
  <system-out/>
</testsuite> <!-- Test.basics_Class1 -->
