<?xml version="1.0" encoding="UTF-8"?>
<!-- Generated by org.testng.reporters.JUnitReportReporter -->
<testsuite hostname="DESKTOP-B2KTJK1" failures="0" tests="3" name="Test.basics_Class4" time="0.012" errors="0" timestamp="2020-06-01T15:30:19 IST" skipped="0">
  <testcase classname="Test.basics_Class4" name="MobileloginCarLoan" time="0.002"/>
  <system-out/>
  <testcase classname="Test.basics_Class4" name="WebloginCarLoan" time="0.005"/>
  <system-out/>
  <testcase classname="Test.basics_Class4" name="LoginAPICarLoan" time="0.005"/>
  <system-out/>
</testsuite> <!-- Test.basics_Class4 -->
