<?xml version="1.0" encoding="UTF-8"?>
<!-- Generated by org.testng.reporters.JUnitReportReporter -->
<testsuite hostname="DESKTOP-B2KTJK1" failures="0" tests="6" name="Test.basics_Class3" time="0.041" errors="0" timestamp="2020-06-01T15:30:19 IST" skipped="0">
  <testcase classname="Test.basics_Class3" name="MobileloginHomeLoan" time="0.008"/>
  <system-out/>
  <testcase classname="Test.basics_Class3" name="MobileloginHomeLoan" time="0.007"/>
  <system-out/>
  <testcase classname="Test.basics_Class3" name="MobileloginHomeLoan2" time="0.005"/>
  <system-out/>
  <testcase classname="Test.basics_Class3" name="MobileloginHomeLoan" time="0.005"/>
  <system-out/>
  <testcase classname="Test.basics_Class3" name="LoginAPIHomeLoan" time="0.011"/>
  <system-out/>
  <testcase classname="Test.basics_Class3" name="WebloginHomeLoan" time="0.005"/>
  <system-out/>
</testsuite> <!-- Test.basics_Class3 -->
