<?xml version="1.0" encoding="UTF-8"?>
<!-- Generated by org.testng.reporters.JUnitReportReporter -->
<testsuite hostname="DESKTOP-B2KTJK1" failures="0" tests="1" name="Test.basics_Class2" time="0.011" errors="0" timestamp="2020-06-01T15:30:19 IST" skipped="0">
  <testcase classname="Test.basics_Class2" name="demo3" time="0.011"/>
  <system-out/>
</testsuite> <!-- Test.basics_Class2 -->
