<?xml version="1.0" encoding="UTF-8"?>
<!-- Generated by org.testng.reporters.JUnitReportReporter -->
<testsuite hostname="DESKTOP-B2KTJK1" failures="0" tests="2" name="qaclickacademy.Mavenjava.RESTAPITest" time="0.013" errors="0" timestamp="2020-07-23T21:49:27 IST" skipped="0">
  <testcase classname="qaclickacademy.Mavenjava.RESTAPITest" name="DeleteTwitter" time="0.010"/>
  <system-out/>
  <testcase classname="qaclickacademy.Mavenjava.RESTAPITest" name="PostJira" time="0.003"/>
  <system-out/>
</testsuite> <!-- qaclickacademy.Mavenjava.RESTAPITest -->
