<?xml version="1.0" encoding="UTF-8"?>
<!-- Generated by org.testng.reporters.JUnitReportReporter -->
<testsuite hostname="DESKTOP-B2KTJK1" failures="0" tests="2" name="getRequest.post_delete_put_example" time="1.706" errors="0" timestamp="2020-07-17T19:54:06 IST" skipped="0">
  <testcase classname="getRequest.post_delete_put_example" name="test1" time="1.630"/>
  <system-out/>
  <testcase classname="getRequest.post_delete_put_example" name="test2" time="0.076"/>
  <system-out/>
</testsuite> <!-- getRequest.post_delete_put_example -->
