<?xml version="1.0" encoding="UTF-8"?>
<!-- Generated by org.testng.reporters.JUnitReportReporter -->
<testsuite hostname="DESKTOP-B2KTJK1" failures="0" tests="2" name="getRequest.GetData" time="5.410" errors="0" timestamp="2020-07-17T18:25:56 IST" skipped="0">
  <testcase classname="getRequest.GetData" name="testResponsecode" time="3.128"/>
  <system-out/>
  <testcase classname="getRequest.GetData" name="testbody" time="2.282"/>
  <system-out/>
</testsuite> <!-- getRequest.GetData -->
