<?xml version="1.0" encoding="UTF-8"?>
<!-- Generated by org.testng.reporters.JUnitReportReporter -->
<testsuite hostname="DESKTOP-B2KTJK1" failures="0" tests="2" name="qaclickacademy.Mavenjava.SeleniumTest" time="0.004" errors="0" timestamp="2020-07-23T22:14:27 IST" skipped="0">
  <testcase classname="qaclickacademy.Mavenjava.SeleniumTest" name="elementsUI" time="0.003"/>
  <system-out/>
  <testcase classname="qaclickacademy.Mavenjava.SeleniumTest" name="BrowserAutomation" time="0.001"/>
  <system-out/>
</testsuite> <!-- qaclickacademy.Mavenjava.SeleniumTest -->
