<?xml version="1.0" encoding="UTF-8"?>
<!-- Generated by org.testng.reporters.JUnitReportReporter -->
<testsuite hostname="DESKTOP-B2KTJK1" failures="0" tests="2" name="qaclickacademy.Mavenjava.RESTAPITest" time="0.009" errors="0" timestamp="2020-07-23T22:14:44 IST" skipped="0">
  <testcase classname="qaclickacademy.Mavenjava.RESTAPITest" name="PostJira" time="0.002"/>
  <system-out/>
  <testcase classname="qaclickacademy.Mavenjava.RESTAPITest" name="DeleteTwitter" time="0.007"/>
  <system-out/>
</testsuite> <!-- qaclickacademy.Mavenjava.RESTAPITest -->
